The system is: Linux - 6.12.20+rpt-rpi-v8 - aarch64
Compiling the C compiler identification source file "CMakeCCompilerId.c" succeeded.
Compiler: /usr/bin/cc 
Build flags: 
Id flags:  

The output was:
0


Compilation of the C compiler identification source "CMakeCCompilerId.c" produced "a.out"

The C compiler identification is GNU, found in "/home/pi/c_dms/lib/libiec61850/buildc/CMakeFiles/3.25.1/CompilerIdC/a.out"

Compiling the CXX compiler identification source file "CMakeCXXCompilerId.cpp" succeeded.
Compiler: /usr/bin/c++ 
Build flags: 
Id flags:  

The output was:
0


Compilation of the CXX compiler identification source "CMakeCXXCompilerId.cpp" produced "a.out"

The CXX compiler identification is GNU, found in "/home/pi/c_dms/lib/libiec61850/buildc/CMakeFiles/3.25.1/CompilerIdCXX/a.out"

Detecting C compiler ABI info compiled with the following output:
Change Dir: /home/pi/c_dms/lib/libiec61850/buildc/CMakeFiles/CMakeScratch/TryCompile-z5bzqW

Run Build Command(s):/usr/bin/gmake -f Makefile cmTC_43f79/fast && /usr/bin/gmake  -f CMakeFiles/cmTC_43f79.dir/build.make CMakeFiles/cmTC_43f79.dir/build
gmake[1]: Entering directory '/home/pi/c_dms/lib/libiec61850/buildc/CMakeFiles/CMakeScratch/TryCompile-z5bzqW'
Building C object CMakeFiles/cmTC_43f79.dir/CMakeCCompilerABI.c.o
/usr/bin/cc   -v -o CMakeFiles/cmTC_43f79.dir/CMakeCCompilerABI.c.o -c /usr/share/cmake-3.25/Modules/CMakeCCompilerABI.c
Using built-in specs.
COLLECT_GCC=/usr/bin/cc
Target: arm-linux-gnueabihf
Configured with: ../src/configure -v --with-pkgversion='Raspbian 12.2.0-14+rpi1' --with-bugurl=file:///usr/share/doc/gcc-12/README.Bugs --enable-languages=c,ada,c++,go,d,fortran,objc,obj-c++,m2 --prefix=/usr --with-gcc-major-version-only --program-suffix=-12 --program-prefix=arm-linux-gnueabihf- --enable-shared --enable-linker-build-id --libexecdir=/usr/lib --without-included-gettext --enable-threads=posix --libdir=/usr/lib --enable-nls --enable-clocale=gnu --enable-libstdcxx-debug --enable-libstdcxx-time=yes --with-default-libstdcxx-abi=new --enable-gnu-unique-object --disable-libitm --disable-libquadmath --disable-libquadmath-support --enable-plugin --with-system-zlib --enable-libphobos-checking=release --with-target-system-zlib=auto --enable-objc-gc=auto --enable-multiarch --disable-sjlj-exceptions --with-arch=armv6+fp --with-float=hard --disable-werror --enable-checking=release --build=arm-linux-gnueabihf --host=arm-linux-gnueabihf --target=arm-linux-gnueabihf
Thread model: posix
Supported LTO compression algorithms: zlib zstd
gcc version 12.2.0 (Raspbian 12.2.0-14+rpi1) 
COLLECT_GCC_OPTIONS='-v' '-o' 'CMakeFiles/cmTC_43f79.dir/CMakeCCompilerABI.c.o' '-c'  '-mfloat-abi=hard' '-mtls-dialect=gnu' '-marm' '-mlibarch=armv6+fp' '-march=armv6+fp' '-dumpdir' 'CMakeFiles/cmTC_43f79.dir/'
 /usr/lib/gcc/arm-linux-gnueabihf/12/cc1 -quiet -v -imultilib . -imultiarch arm-linux-gnueabihf /usr/share/cmake-3.25/Modules/CMakeCCompilerABI.c -quiet -dumpdir CMakeFiles/cmTC_43f79.dir/ -dumpbase CMakeCCompilerABI.c.c -dumpbase-ext .c -mfloat-abi=hard -mtls-dialect=gnu -marm -mlibarch=armv6+fp -march=armv6+fp -version -o /tmp/ccKtwKXS.s
GNU C17 (Raspbian 12.2.0-14+rpi1) version 12.2.0 (arm-linux-gnueabihf)
	compiled by GNU C version 12.2.0, GMP version 6.2.1, MPFR version 4.1.1-p1, MPC version 1.3.1, isl version isl-0.25-GMP

warning: MPFR header version 4.1.1-p1 differs from library version 4.2.0.
GGC heuristics: --param ggc-min-expand=100 --param ggc-min-heapsize=131072
ignoring nonexistent directory "/usr/local/include/arm-linux-gnueabihf"
ignoring nonexistent directory "/usr/lib/gcc/arm-linux-gnueabihf/12/include-fixed"
ignoring nonexistent directory "/usr/lib/gcc/arm-linux-gnueabihf/12/../../../../arm-linux-gnueabihf/include"
#include "..." search starts here:
#include <...> search starts here:
 /usr/lib/gcc/arm-linux-gnueabihf/12/include
 /usr/local/include
 /usr/include/arm-linux-gnueabihf
 /usr/include
End of search list.
GNU C17 (Raspbian 12.2.0-14+rpi1) version 12.2.0 (arm-linux-gnueabihf)
	compiled by GNU C version 12.2.0, GMP version 6.2.1, MPFR version 4.1.1-p1, MPC version 1.3.1, isl version isl-0.25-GMP

warning: MPFR header version 4.1.1-p1 differs from library version 4.2.0.
GGC heuristics: --param ggc-min-expand=100 --param ggc-min-heapsize=131072
Compiler executable checksum: aa6629b5f44fe3420ba005fbae7bc0e6
COLLECT_GCC_OPTIONS='-v' '-o' 'CMakeFiles/cmTC_43f79.dir/CMakeCCompilerABI.c.o' '-c'  '-mfloat-abi=hard' '-mtls-dialect=gnu' '-marm' '-mlibarch=armv6+fp' '-march=armv6+fp' '-dumpdir' 'CMakeFiles/cmTC_43f79.dir/'
 as -v -march=armv6+fp -mfloat-abi=hard -meabi=5 -o CMakeFiles/cmTC_43f79.dir/CMakeCCompilerABI.c.o /tmp/ccKtwKXS.s
GNU assembler version 2.40 (arm-linux-gnueabihf) using BFD version (GNU Binutils for Raspbian) 2.40
COMPILER_PATH=/usr/lib/gcc/arm-linux-gnueabihf/12/:/usr/lib/gcc/arm-linux-gnueabihf/12/:/usr/lib/gcc/arm-linux-gnueabihf/:/usr/lib/gcc/arm-linux-gnueabihf/12/:/usr/lib/gcc/arm-linux-gnueabihf/
LIBRARY_PATH=/usr/lib/gcc/arm-linux-gnueabihf/12/:/usr/lib/gcc/arm-linux-gnueabihf/12/../../../arm-linux-gnueabihf/:/usr/lib/gcc/arm-linux-gnueabihf/12/../../../:/lib/arm-linux-gnueabihf/:/lib/:/usr/lib/arm-linux-gnueabihf/:/usr/lib/
COLLECT_GCC_OPTIONS='-v' '-o' 'CMakeFiles/cmTC_43f79.dir/CMakeCCompilerABI.c.o' '-c'  '-mfloat-abi=hard' '-mtls-dialect=gnu' '-marm' '-mlibarch=armv6+fp' '-march=armv6+fp' '-dumpdir' 'CMakeFiles/cmTC_43f79.dir/CMakeCCompilerABI.c.'
Linking C executable cmTC_43f79
/usr/bin/cmake -E cmake_link_script CMakeFiles/cmTC_43f79.dir/link.txt --verbose=1
/usr/bin/cc  -v CMakeFiles/cmTC_43f79.dir/CMakeCCompilerABI.c.o -o cmTC_43f79 
Using built-in specs.
COLLECT_GCC=/usr/bin/cc
COLLECT_LTO_WRAPPER=/usr/lib/gcc/arm-linux-gnueabihf/12/lto-wrapper
Target: arm-linux-gnueabihf
Configured with: ../src/configure -v --with-pkgversion='Raspbian 12.2.0-14+rpi1' --with-bugurl=file:///usr/share/doc/gcc-12/README.Bugs --enable-languages=c,ada,c++,go,d,fortran,objc,obj-c++,m2 --prefix=/usr --with-gcc-major-version-only --program-suffix=-12 --program-prefix=arm-linux-gnueabihf- --enable-shared --enable-linker-build-id --libexecdir=/usr/lib --without-included-gettext --enable-threads=posix --libdir=/usr/lib --enable-nls --enable-clocale=gnu --enable-libstdcxx-debug --enable-libstdcxx-time=yes --with-default-libstdcxx-abi=new --enable-gnu-unique-object --disable-libitm --disable-libquadmath --disable-libquadmath-support --enable-plugin --with-system-zlib --enable-libphobos-checking=release --with-target-system-zlib=auto --enable-objc-gc=auto --enable-multiarch --disable-sjlj-exceptions --with-arch=armv6+fp --with-float=hard --disable-werror --enable-checking=release --build=arm-linux-gnueabihf --host=arm-linux-gnueabihf --target=arm-linux-gnueabihf
Thread model: posix
Supported LTO compression algorithms: zlib zstd
gcc version 12.2.0 (Raspbian 12.2.0-14+rpi1) 
COMPILER_PATH=/usr/lib/gcc/arm-linux-gnueabihf/12/:/usr/lib/gcc/arm-linux-gnueabihf/12/:/usr/lib/gcc/arm-linux-gnueabihf/:/usr/lib/gcc/arm-linux-gnueabihf/12/:/usr/lib/gcc/arm-linux-gnueabihf/
LIBRARY_PATH=/usr/lib/gcc/arm-linux-gnueabihf/12/:/usr/lib/gcc/arm-linux-gnueabihf/12/../../../arm-linux-gnueabihf/:/usr/lib/gcc/arm-linux-gnueabihf/12/../../../:/lib/arm-linux-gnueabihf/:/lib/:/usr/lib/arm-linux-gnueabihf/:/usr/lib/
COLLECT_GCC_OPTIONS='-v' '-o' 'cmTC_43f79'  '-mfloat-abi=hard' '-mtls-dialect=gnu' '-marm' '-mlibarch=armv6+fp' '-march=armv6+fp' '-dumpdir' 'cmTC_43f79.'
 /usr/lib/gcc/arm-linux-gnueabihf/12/collect2 -plugin /usr/lib/gcc/arm-linux-gnueabihf/12/liblto_plugin.so -plugin-opt=/usr/lib/gcc/arm-linux-gnueabihf/12/lto-wrapper -plugin-opt=-fresolution=/tmp/ccrxuY3f.res -plugin-opt=-pass-through=-lgcc -plugin-opt=-pass-through=-lgcc_s -plugin-opt=-pass-through=-lc -plugin-opt=-pass-through=-lgcc -plugin-opt=-pass-through=-lgcc_s --build-id --eh-frame-hdr -dynamic-linker /lib/ld-linux-armhf.so.3 -X --hash-style=gnu --as-needed -m armelf_linux_eabi -o cmTC_43f79 /usr/lib/gcc/arm-linux-gnueabihf/12/../../../arm-linux-gnueabihf/crt1.o /usr/lib/gcc/arm-linux-gnueabihf/12/../../../arm-linux-gnueabihf/crti.o /usr/lib/gcc/arm-linux-gnueabihf/12/crtbegin.o -L/usr/lib/gcc/arm-linux-gnueabihf/12 -L/usr/lib/gcc/arm-linux-gnueabihf/12/../../../arm-linux-gnueabihf -L/usr/lib/gcc/arm-linux-gnueabihf/12/../../.. -L/lib/arm-linux-gnueabihf -L/usr/lib/arm-linux-gnueabihf CMakeFiles/cmTC_43f79.dir/CMakeCCompilerABI.c.o -lgcc --push-state --as-needed -lgcc_s --pop-state -lc -lgcc --push-state --as-needed -lgcc_s --pop-state /usr/lib/gcc/arm-linux-gnueabihf/12/crtend.o /usr/lib/gcc/arm-linux-gnueabihf/12/../../../arm-linux-gnueabihf/crtn.o
COLLECT_GCC_OPTIONS='-v' '-o' 'cmTC_43f79'  '-mfloat-abi=hard' '-mtls-dialect=gnu' '-marm' '-mlibarch=armv6+fp' '-march=armv6+fp' '-dumpdir' 'cmTC_43f79.'
gmake[1]: Leaving directory '/home/pi/c_dms/lib/libiec61850/buildc/CMakeFiles/CMakeScratch/TryCompile-z5bzqW'



Parsed C implicit include dir info from above output: rv=done
  found start of include info
  found start of implicit include info
    add: [/usr/lib/gcc/arm-linux-gnueabihf/12/include]
    add: [/usr/local/include]
    add: [/usr/include/arm-linux-gnueabihf]
    add: [/usr/include]
  end of search list found
  collapse include dir [/usr/lib/gcc/arm-linux-gnueabihf/12/include] ==> [/usr/lib/gcc/arm-linux-gnueabihf/12/include]
  collapse include dir [/usr/local/include] ==> [/usr/local/include]
  collapse include dir [/usr/include/arm-linux-gnueabihf] ==> [/usr/include/arm-linux-gnueabihf]
  collapse include dir [/usr/include] ==> [/usr/include]
  implicit include dirs: [/usr/lib/gcc/arm-linux-gnueabihf/12/include;/usr/local/include;/usr/include/arm-linux-gnueabihf;/usr/include]


Parsed C implicit link information from above output:
  link line regex: [^( *|.*[/\])(ld|CMAKE_LINK_STARTFILE-NOTFOUND|([^/\]+-)?ld|collect2)[^/\]*( |$)]
  ignore line: [Change Dir: /home/pi/c_dms/lib/libiec61850/buildc/CMakeFiles/CMakeScratch/TryCompile-z5bzqW]
  ignore line: []
  ignore line: [Run Build Command(s):/usr/bin/gmake -f Makefile cmTC_43f79/fast && /usr/bin/gmake  -f CMakeFiles/cmTC_43f79.dir/build.make CMakeFiles/cmTC_43f79.dir/build]
  ignore line: [gmake[1]: Entering directory '/home/pi/c_dms/lib/libiec61850/buildc/CMakeFiles/CMakeScratch/TryCompile-z5bzqW']
  ignore line: [Building C object CMakeFiles/cmTC_43f79.dir/CMakeCCompilerABI.c.o]
  ignore line: [/usr/bin/cc   -v -o CMakeFiles/cmTC_43f79.dir/CMakeCCompilerABI.c.o -c /usr/share/cmake-3.25/Modules/CMakeCCompilerABI.c]
  ignore line: [Using built-in specs.]
  ignore line: [COLLECT_GCC=/usr/bin/cc]
  ignore line: [Target: arm-linux-gnueabihf]
  ignore line: [Configured with: ../src/configure -v --with-pkgversion='Raspbian 12.2.0-14+rpi1' --with-bugurl=file:///usr/share/doc/gcc-12/README.Bugs --enable-languages=c ada c++ go d fortran objc obj-c++ m2 --prefix=/usr --with-gcc-major-version-only --program-suffix=-12 --program-prefix=arm-linux-gnueabihf- --enable-shared --enable-linker-build-id --libexecdir=/usr/lib --without-included-gettext --enable-threads=posix --libdir=/usr/lib --enable-nls --enable-clocale=gnu --enable-libstdcxx-debug --enable-libstdcxx-time=yes --with-default-libstdcxx-abi=new --enable-gnu-unique-object --disable-libitm --disable-libquadmath --disable-libquadmath-support --enable-plugin --with-system-zlib --enable-libphobos-checking=release --with-target-system-zlib=auto --enable-objc-gc=auto --enable-multiarch --disable-sjlj-exceptions --with-arch=armv6+fp --with-float=hard --disable-werror --enable-checking=release --build=arm-linux-gnueabihf --host=arm-linux-gnueabihf --target=arm-linux-gnueabihf]
  ignore line: [Thread model: posix]
  ignore line: [Supported LTO compression algorithms: zlib zstd]
  ignore line: [gcc version 12.2.0 (Raspbian 12.2.0-14+rpi1) ]
  ignore line: [COLLECT_GCC_OPTIONS='-v' '-o' 'CMakeFiles/cmTC_43f79.dir/CMakeCCompilerABI.c.o' '-c'  '-mfloat-abi=hard' '-mtls-dialect=gnu' '-marm' '-mlibarch=armv6+fp' '-march=armv6+fp' '-dumpdir' 'CMakeFiles/cmTC_43f79.dir/']
  ignore line: [ /usr/lib/gcc/arm-linux-gnueabihf/12/cc1 -quiet -v -imultilib . -imultiarch arm-linux-gnueabihf /usr/share/cmake-3.25/Modules/CMakeCCompilerABI.c -quiet -dumpdir CMakeFiles/cmTC_43f79.dir/ -dumpbase CMakeCCompilerABI.c.c -dumpbase-ext .c -mfloat-abi=hard -mtls-dialect=gnu -marm -mlibarch=armv6+fp -march=armv6+fp -version -o /tmp/ccKtwKXS.s]
  ignore line: [GNU C17 (Raspbian 12.2.0-14+rpi1) version 12.2.0 (arm-linux-gnueabihf)]
  ignore line: [	compiled by GNU C version 12.2.0  GMP version 6.2.1  MPFR version 4.1.1-p1  MPC version 1.3.1  isl version isl-0.25-GMP]
  ignore line: []
  ignore line: [warning: MPFR header version 4.1.1-p1 differs from library version 4.2.0.]
  ignore line: [GGC heuristics: --param ggc-min-expand=100 --param ggc-min-heapsize=131072]
  ignore line: [ignoring nonexistent directory "/usr/local/include/arm-linux-gnueabihf"]
  ignore line: [ignoring nonexistent directory "/usr/lib/gcc/arm-linux-gnueabihf/12/include-fixed"]
  ignore line: [ignoring nonexistent directory "/usr/lib/gcc/arm-linux-gnueabihf/12/../../../../arm-linux-gnueabihf/include"]
  ignore line: [#include "..." search starts here:]
  ignore line: [#include <...> search starts here:]
  ignore line: [ /usr/lib/gcc/arm-linux-gnueabihf/12/include]
  ignore line: [ /usr/local/include]
  ignore line: [ /usr/include/arm-linux-gnueabihf]
  ignore line: [ /usr/include]
  ignore line: [End of search list.]
  ignore line: [GNU C17 (Raspbian 12.2.0-14+rpi1) version 12.2.0 (arm-linux-gnueabihf)]
  ignore line: [	compiled by GNU C version 12.2.0  GMP version 6.2.1  MPFR version 4.1.1-p1  MPC version 1.3.1  isl version isl-0.25-GMP]
  ignore line: []
  ignore line: [warning: MPFR header version 4.1.1-p1 differs from library version 4.2.0.]
  ignore line: [GGC heuristics: --param ggc-min-expand=100 --param ggc-min-heapsize=131072]
  ignore line: [Compiler executable checksum: aa6629b5f44fe3420ba005fbae7bc0e6]
  ignore line: [COLLECT_GCC_OPTIONS='-v' '-o' 'CMakeFiles/cmTC_43f79.dir/CMakeCCompilerABI.c.o' '-c'  '-mfloat-abi=hard' '-mtls-dialect=gnu' '-marm' '-mlibarch=armv6+fp' '-march=armv6+fp' '-dumpdir' 'CMakeFiles/cmTC_43f79.dir/']
  ignore line: [ as -v -march=armv6+fp -mfloat-abi=hard -meabi=5 -o CMakeFiles/cmTC_43f79.dir/CMakeCCompilerABI.c.o /tmp/ccKtwKXS.s]
  ignore line: [GNU assembler version 2.40 (arm-linux-gnueabihf) using BFD version (GNU Binutils for Raspbian) 2.40]
  ignore line: [COMPILER_PATH=/usr/lib/gcc/arm-linux-gnueabihf/12/:/usr/lib/gcc/arm-linux-gnueabihf/12/:/usr/lib/gcc/arm-linux-gnueabihf/:/usr/lib/gcc/arm-linux-gnueabihf/12/:/usr/lib/gcc/arm-linux-gnueabihf/]
  ignore line: [LIBRARY_PATH=/usr/lib/gcc/arm-linux-gnueabihf/12/:/usr/lib/gcc/arm-linux-gnueabihf/12/../../../arm-linux-gnueabihf/:/usr/lib/gcc/arm-linux-gnueabihf/12/../../../:/lib/arm-linux-gnueabihf/:/lib/:/usr/lib/arm-linux-gnueabihf/:/usr/lib/]
  ignore line: [COLLECT_GCC_OPTIONS='-v' '-o' 'CMakeFiles/cmTC_43f79.dir/CMakeCCompilerABI.c.o' '-c'  '-mfloat-abi=hard' '-mtls-dialect=gnu' '-marm' '-mlibarch=armv6+fp' '-march=armv6+fp' '-dumpdir' 'CMakeFiles/cmTC_43f79.dir/CMakeCCompilerABI.c.']
  ignore line: [Linking C executable cmTC_43f79]
  ignore line: [/usr/bin/cmake -E cmake_link_script CMakeFiles/cmTC_43f79.dir/link.txt --verbose=1]
  ignore line: [/usr/bin/cc  -v CMakeFiles/cmTC_43f79.dir/CMakeCCompilerABI.c.o -o cmTC_43f79 ]
  ignore line: [Using built-in specs.]
  ignore line: [COLLECT_GCC=/usr/bin/cc]
  ignore line: [COLLECT_LTO_WRAPPER=/usr/lib/gcc/arm-linux-gnueabihf/12/lto-wrapper]
  ignore line: [Target: arm-linux-gnueabihf]
  ignore line: [Configured with: ../src/configure -v --with-pkgversion='Raspbian 12.2.0-14+rpi1' --with-bugurl=file:///usr/share/doc/gcc-12/README.Bugs --enable-languages=c ada c++ go d fortran objc obj-c++ m2 --prefix=/usr --with-gcc-major-version-only --program-suffix=-12 --program-prefix=arm-linux-gnueabihf- --enable-shared --enable-linker-build-id --libexecdir=/usr/lib --without-included-gettext --enable-threads=posix --libdir=/usr/lib --enable-nls --enable-clocale=gnu --enable-libstdcxx-debug --enable-libstdcxx-time=yes --with-default-libstdcxx-abi=new --enable-gnu-unique-object --disable-libitm --disable-libquadmath --disable-libquadmath-support --enable-plugin --with-system-zlib --enable-libphobos-checking=release --with-target-system-zlib=auto --enable-objc-gc=auto --enable-multiarch --disable-sjlj-exceptions --with-arch=armv6+fp --with-float=hard --disable-werror --enable-checking=release --build=arm-linux-gnueabihf --host=arm-linux-gnueabihf --target=arm-linux-gnueabihf]
  ignore line: [Thread model: posix]
  ignore line: [Supported LTO compression algorithms: zlib zstd]
  ignore line: [gcc version 12.2.0 (Raspbian 12.2.0-14+rpi1) ]
  ignore line: [COMPILER_PATH=/usr/lib/gcc/arm-linux-gnueabihf/12/:/usr/lib/gcc/arm-linux-gnueabihf/12/:/usr/lib/gcc/arm-linux-gnueabihf/:/usr/lib/gcc/arm-linux-gnueabihf/12/:/usr/lib/gcc/arm-linux-gnueabihf/]
  ignore line: [LIBRARY_PATH=/usr/lib/gcc/arm-linux-gnueabihf/12/:/usr/lib/gcc/arm-linux-gnueabihf/12/../../../arm-linux-gnueabihf/:/usr/lib/gcc/arm-linux-gnueabihf/12/../../../:/lib/arm-linux-gnueabihf/:/lib/:/usr/lib/arm-linux-gnueabihf/:/usr/lib/]
  ignore line: [COLLECT_GCC_OPTIONS='-v' '-o' 'cmTC_43f79'  '-mfloat-abi=hard' '-mtls-dialect=gnu' '-marm' '-mlibarch=armv6+fp' '-march=armv6+fp' '-dumpdir' 'cmTC_43f79.']
  link line: [ /usr/lib/gcc/arm-linux-gnueabihf/12/collect2 -plugin /usr/lib/gcc/arm-linux-gnueabihf/12/liblto_plugin.so -plugin-opt=/usr/lib/gcc/arm-linux-gnueabihf/12/lto-wrapper -plugin-opt=-fresolution=/tmp/ccrxuY3f.res -plugin-opt=-pass-through=-lgcc -plugin-opt=-pass-through=-lgcc_s -plugin-opt=-pass-through=-lc -plugin-opt=-pass-through=-lgcc -plugin-opt=-pass-through=-lgcc_s --build-id --eh-frame-hdr -dynamic-linker /lib/ld-linux-armhf.so.3 -X --hash-style=gnu --as-needed -m armelf_linux_eabi -o cmTC_43f79 /usr/lib/gcc/arm-linux-gnueabihf/12/../../../arm-linux-gnueabihf/crt1.o /usr/lib/gcc/arm-linux-gnueabihf/12/../../../arm-linux-gnueabihf/crti.o /usr/lib/gcc/arm-linux-gnueabihf/12/crtbegin.o -L/usr/lib/gcc/arm-linux-gnueabihf/12 -L/usr/lib/gcc/arm-linux-gnueabihf/12/../../../arm-linux-gnueabihf -L/usr/lib/gcc/arm-linux-gnueabihf/12/../../.. -L/lib/arm-linux-gnueabihf -L/usr/lib/arm-linux-gnueabihf CMakeFiles/cmTC_43f79.dir/CMakeCCompilerABI.c.o -lgcc --push-state --as-needed -lgcc_s --pop-state -lc -lgcc --push-state --as-needed -lgcc_s --pop-state /usr/lib/gcc/arm-linux-gnueabihf/12/crtend.o /usr/lib/gcc/arm-linux-gnueabihf/12/../../../arm-linux-gnueabihf/crtn.o]
    arg [/usr/lib/gcc/arm-linux-gnueabihf/12/collect2] ==> ignore
    arg [-plugin] ==> ignore
    arg [/usr/lib/gcc/arm-linux-gnueabihf/12/liblto_plugin.so] ==> ignore
    arg [-plugin-opt=/usr/lib/gcc/arm-linux-gnueabihf/12/lto-wrapper] ==> ignore
    arg [-plugin-opt=-fresolution=/tmp/ccrxuY3f.res] ==> ignore
    arg [-plugin-opt=-pass-through=-lgcc] ==> ignore
    arg [-plugin-opt=-pass-through=-lgcc_s] ==> ignore
    arg [-plugin-opt=-pass-through=-lc] ==> ignore
    arg [-plugin-opt=-pass-through=-lgcc] ==> ignore
    arg [-plugin-opt=-pass-through=-lgcc_s] ==> ignore
    arg [--build-id] ==> ignore
    arg [--eh-frame-hdr] ==> ignore
    arg [-dynamic-linker] ==> ignore
    arg [/lib/ld-linux-armhf.so.3] ==> ignore
    arg [-X] ==> ignore
    arg [--hash-style=gnu] ==> ignore
    arg [--as-needed] ==> ignore
    arg [-m] ==> ignore
    arg [armelf_linux_eabi] ==> ignore
    arg [-o] ==> ignore
    arg [cmTC_43f79] ==> ignore
    arg [/usr/lib/gcc/arm-linux-gnueabihf/12/../../../arm-linux-gnueabihf/crt1.o] ==> obj [/usr/lib/gcc/arm-linux-gnueabihf/12/../../../arm-linux-gnueabihf/crt1.o]
    arg [/usr/lib/gcc/arm-linux-gnueabihf/12/../../../arm-linux-gnueabihf/crti.o] ==> obj [/usr/lib/gcc/arm-linux-gnueabihf/12/../../../arm-linux-gnueabihf/crti.o]
    arg [/usr/lib/gcc/arm-linux-gnueabihf/12/crtbegin.o] ==> obj [/usr/lib/gcc/arm-linux-gnueabihf/12/crtbegin.o]
    arg [-L/usr/lib/gcc/arm-linux-gnueabihf/12] ==> dir [/usr/lib/gcc/arm-linux-gnueabihf/12]
    arg [-L/usr/lib/gcc/arm-linux-gnueabihf/12/../../../arm-linux-gnueabihf] ==> dir [/usr/lib/gcc/arm-linux-gnueabihf/12/../../../arm-linux-gnueabihf]
    arg [-L/usr/lib/gcc/arm-linux-gnueabihf/12/../../..] ==> dir [/usr/lib/gcc/arm-linux-gnueabihf/12/../../..]
    arg [-L/lib/arm-linux-gnueabihf] ==> dir [/lib/arm-linux-gnueabihf]
    arg [-L/usr/lib/arm-linux-gnueabihf] ==> dir [/usr/lib/arm-linux-gnueabihf]
    arg [CMakeFiles/cmTC_43f79.dir/CMakeCCompilerABI.c.o] ==> ignore
    arg [-lgcc] ==> lib [gcc]
    arg [--push-state] ==> ignore
    arg [--as-needed] ==> ignore
    arg [-lgcc_s] ==> lib [gcc_s]
    arg [--pop-state] ==> ignore
    arg [-lc] ==> lib [c]
    arg [-lgcc] ==> lib [gcc]
    arg [--push-state] ==> ignore
    arg [--as-needed] ==> ignore
    arg [-lgcc_s] ==> lib [gcc_s]
    arg [--pop-state] ==> ignore
    arg [/usr/lib/gcc/arm-linux-gnueabihf/12/crtend.o] ==> obj [/usr/lib/gcc/arm-linux-gnueabihf/12/crtend.o]
    arg [/usr/lib/gcc/arm-linux-gnueabihf/12/../../../arm-linux-gnueabihf/crtn.o] ==> obj [/usr/lib/gcc/arm-linux-gnueabihf/12/../../../arm-linux-gnueabihf/crtn.o]
  collapse obj [/usr/lib/gcc/arm-linux-gnueabihf/12/../../../arm-linux-gnueabihf/crt1.o] ==> [/usr/lib/arm-linux-gnueabihf/crt1.o]
  collapse obj [/usr/lib/gcc/arm-linux-gnueabihf/12/../../../arm-linux-gnueabihf/crti.o] ==> [/usr/lib/arm-linux-gnueabihf/crti.o]
  collapse obj [/usr/lib/gcc/arm-linux-gnueabihf/12/../../../arm-linux-gnueabihf/crtn.o] ==> [/usr/lib/arm-linux-gnueabihf/crtn.o]
  collapse library dir [/usr/lib/gcc/arm-linux-gnueabihf/12] ==> [/usr/lib/gcc/arm-linux-gnueabihf/12]
  collapse library dir [/usr/lib/gcc/arm-linux-gnueabihf/12/../../../arm-linux-gnueabihf] ==> [/usr/lib/arm-linux-gnueabihf]
  collapse library dir [/usr/lib/gcc/arm-linux-gnueabihf/12/../../..] ==> [/usr/lib]
  collapse library dir [/lib/arm-linux-gnueabihf] ==> [/lib/arm-linux-gnueabihf]
  collapse library dir [/usr/lib/arm-linux-gnueabihf] ==> [/usr/lib/arm-linux-gnueabihf]
  implicit libs: [gcc;gcc_s;c;gcc;gcc_s]
  implicit objs: [/usr/lib/arm-linux-gnueabihf/crt1.o;/usr/lib/arm-linux-gnueabihf/crti.o;/usr/lib/gcc/arm-linux-gnueabihf/12/crtbegin.o;/usr/lib/gcc/arm-linux-gnueabihf/12/crtend.o;/usr/lib/arm-linux-gnueabihf/crtn.o]
  implicit dirs: [/usr/lib/gcc/arm-linux-gnueabihf/12;/usr/lib/arm-linux-gnueabihf;/usr/lib;/lib/arm-linux-gnueabihf]
  implicit fwks: []


Detecting CXX compiler ABI info compiled with the following output:
Change Dir: /home/pi/c_dms/lib/libiec61850/buildc/CMakeFiles/CMakeScratch/TryCompile-LMLkkU

Run Build Command(s):/usr/bin/gmake -f Makefile cmTC_61de2/fast && /usr/bin/gmake  -f CMakeFiles/cmTC_61de2.dir/build.make CMakeFiles/cmTC_61de2.dir/build
gmake[1]: Entering directory '/home/pi/c_dms/lib/libiec61850/buildc/CMakeFiles/CMakeScratch/TryCompile-LMLkkU'
Building CXX object CMakeFiles/cmTC_61de2.dir/CMakeCXXCompilerABI.cpp.o
/usr/bin/c++   -v -o CMakeFiles/cmTC_61de2.dir/CMakeCXXCompilerABI.cpp.o -c /usr/share/cmake-3.25/Modules/CMakeCXXCompilerABI.cpp
Using built-in specs.
COLLECT_GCC=/usr/bin/c++
Target: arm-linux-gnueabihf
Configured with: ../src/configure -v --with-pkgversion='Raspbian 12.2.0-14+rpi1' --with-bugurl=file:///usr/share/doc/gcc-12/README.Bugs --enable-languages=c,ada,c++,go,d,fortran,objc,obj-c++,m2 --prefix=/usr --with-gcc-major-version-only --program-suffix=-12 --program-prefix=arm-linux-gnueabihf- --enable-shared --enable-linker-build-id --libexecdir=/usr/lib --without-included-gettext --enable-threads=posix --libdir=/usr/lib --enable-nls --enable-clocale=gnu --enable-libstdcxx-debug --enable-libstdcxx-time=yes --with-default-libstdcxx-abi=new --enable-gnu-unique-object --disable-libitm --disable-libquadmath --disable-libquadmath-support --enable-plugin --with-system-zlib --enable-libphobos-checking=release --with-target-system-zlib=auto --enable-objc-gc=auto --enable-multiarch --disable-sjlj-exceptions --with-arch=armv6+fp --with-float=hard --disable-werror --enable-checking=release --build=arm-linux-gnueabihf --host=arm-linux-gnueabihf --target=arm-linux-gnueabihf
Thread model: posix
Supported LTO compression algorithms: zlib zstd
gcc version 12.2.0 (Raspbian 12.2.0-14+rpi1) 
COLLECT_GCC_OPTIONS='-v' '-o' 'CMakeFiles/cmTC_61de2.dir/CMakeCXXCompilerABI.cpp.o' '-c' '-shared-libgcc'  '-mfloat-abi=hard' '-mtls-dialect=gnu' '-marm' '-mlibarch=armv6+fp' '-march=armv6+fp' '-dumpdir' 'CMakeFiles/cmTC_61de2.dir/'
 /usr/lib/gcc/arm-linux-gnueabihf/12/cc1plus -quiet -v -imultilib . -imultiarch arm-linux-gnueabihf -D_GNU_SOURCE /usr/share/cmake-3.25/Modules/CMakeCXXCompilerABI.cpp -quiet -dumpdir CMakeFiles/cmTC_61de2.dir/ -dumpbase CMakeCXXCompilerABI.cpp.cpp -dumpbase-ext .cpp -mfloat-abi=hard -mtls-dialect=gnu -marm -mlibarch=armv6+fp -march=armv6+fp -version -o /tmp/ccfUXIja.s
GNU C++17 (Raspbian 12.2.0-14+rpi1) version 12.2.0 (arm-linux-gnueabihf)
	compiled by GNU C version 12.2.0, GMP version 6.2.1, MPFR version 4.1.1-p1, MPC version 1.3.1, isl version isl-0.25-GMP

warning: MPFR header version 4.1.1-p1 differs from library version 4.2.0.
GGC heuristics: --param ggc-min-expand=100 --param ggc-min-heapsize=131072
ignoring duplicate directory "/usr/include/arm-linux-gnueabihf/c++/12"
ignoring nonexistent directory "/usr/local/include/arm-linux-gnueabihf"
ignoring nonexistent directory "/usr/lib/gcc/arm-linux-gnueabihf/12/include-fixed"
ignoring nonexistent directory "/usr/lib/gcc/arm-linux-gnueabihf/12/../../../../arm-linux-gnueabihf/include"
#include "..." search starts here:
#include <...> search starts here:
 /usr/include/c++/12
 /usr/include/arm-linux-gnueabihf/c++/12
 /usr/include/c++/12/backward
 /usr/lib/gcc/arm-linux-gnueabihf/12/include
 /usr/local/include
 /usr/include/arm-linux-gnueabihf
 /usr/include
End of search list.
GNU C++17 (Raspbian 12.2.0-14+rpi1) version 12.2.0 (arm-linux-gnueabihf)
	compiled by GNU C version 12.2.0, GMP version 6.2.1, MPFR version 4.1.1-p1, MPC version 1.3.1, isl version isl-0.25-GMP

warning: MPFR header version 4.1.1-p1 differs from library version 4.2.0.
GGC heuristics: --param ggc-min-expand=100 --param ggc-min-heapsize=131072
Compiler executable checksum: 35b9a090b216240322859958bccd87d7
COLLECT_GCC_OPTIONS='-v' '-o' 'CMakeFiles/cmTC_61de2.dir/CMakeCXXCompilerABI.cpp.o' '-c' '-shared-libgcc'  '-mfloat-abi=hard' '-mtls-dialect=gnu' '-marm' '-mlibarch=armv6+fp' '-march=armv6+fp' '-dumpdir' 'CMakeFiles/cmTC_61de2.dir/'
 as -v -march=armv6+fp -mfloat-abi=hard -meabi=5 -o CMakeFiles/cmTC_61de2.dir/CMakeCXXCompilerABI.cpp.o /tmp/ccfUXIja.s
GNU assembler version 2.40 (arm-linux-gnueabihf) using BFD version (GNU Binutils for Raspbian) 2.40
COMPILER_PATH=/usr/lib/gcc/arm-linux-gnueabihf/12/:/usr/lib/gcc/arm-linux-gnueabihf/12/:/usr/lib/gcc/arm-linux-gnueabihf/:/usr/lib/gcc/arm-linux-gnueabihf/12/:/usr/lib/gcc/arm-linux-gnueabihf/
LIBRARY_PATH=/usr/lib/gcc/arm-linux-gnueabihf/12/:/usr/lib/gcc/arm-linux-gnueabihf/12/../../../arm-linux-gnueabihf/:/usr/lib/gcc/arm-linux-gnueabihf/12/../../../:/lib/arm-linux-gnueabihf/:/lib/:/usr/lib/arm-linux-gnueabihf/:/usr/lib/
COLLECT_GCC_OPTIONS='-v' '-o' 'CMakeFiles/cmTC_61de2.dir/CMakeCXXCompilerABI.cpp.o' '-c' '-shared-libgcc'  '-mfloat-abi=hard' '-mtls-dialect=gnu' '-marm' '-mlibarch=armv6+fp' '-march=armv6+fp' '-dumpdir' 'CMakeFiles/cmTC_61de2.dir/CMakeCXXCompilerABI.cpp.'
Linking CXX executable cmTC_61de2
/usr/bin/cmake -E cmake_link_script CMakeFiles/cmTC_61de2.dir/link.txt --verbose=1
/usr/bin/c++  -v CMakeFiles/cmTC_61de2.dir/CMakeCXXCompilerABI.cpp.o -o cmTC_61de2 
Using built-in specs.
COLLECT_GCC=/usr/bin/c++
COLLECT_LTO_WRAPPER=/usr/lib/gcc/arm-linux-gnueabihf/12/lto-wrapper
Target: arm-linux-gnueabihf
Configured with: ../src/configure -v --with-pkgversion='Raspbian 12.2.0-14+rpi1' --with-bugurl=file:///usr/share/doc/gcc-12/README.Bugs --enable-languages=c,ada,c++,go,d,fortran,objc,obj-c++,m2 --prefix=/usr --with-gcc-major-version-only --program-suffix=-12 --program-prefix=arm-linux-gnueabihf- --enable-shared --enable-linker-build-id --libexecdir=/usr/lib --without-included-gettext --enable-threads=posix --libdir=/usr/lib --enable-nls --enable-clocale=gnu --enable-libstdcxx-debug --enable-libstdcxx-time=yes --with-default-libstdcxx-abi=new --enable-gnu-unique-object --disable-libitm --disable-libquadmath --disable-libquadmath-support --enable-plugin --with-system-zlib --enable-libphobos-checking=release --with-target-system-zlib=auto --enable-objc-gc=auto --enable-multiarch --disable-sjlj-exceptions --with-arch=armv6+fp --with-float=hard --disable-werror --enable-checking=release --build=arm-linux-gnueabihf --host=arm-linux-gnueabihf --target=arm-linux-gnueabihf
Thread model: posix
Supported LTO compression algorithms: zlib zstd
gcc version 12.2.0 (Raspbian 12.2.0-14+rpi1) 
COMPILER_PATH=/usr/lib/gcc/arm-linux-gnueabihf/12/:/usr/lib/gcc/arm-linux-gnueabihf/12/:/usr/lib/gcc/arm-linux-gnueabihf/:/usr/lib/gcc/arm-linux-gnueabihf/12/:/usr/lib/gcc/arm-linux-gnueabihf/
LIBRARY_PATH=/usr/lib/gcc/arm-linux-gnueabihf/12/:/usr/lib/gcc/arm-linux-gnueabihf/12/../../../arm-linux-gnueabihf/:/usr/lib/gcc/arm-linux-gnueabihf/12/../../../:/lib/arm-linux-gnueabihf/:/lib/:/usr/lib/arm-linux-gnueabihf/:/usr/lib/
COLLECT_GCC_OPTIONS='-v' '-o' 'cmTC_61de2' '-shared-libgcc'  '-mfloat-abi=hard' '-mtls-dialect=gnu' '-marm' '-mlibarch=armv6+fp' '-march=armv6+fp' '-dumpdir' 'cmTC_61de2.'
 /usr/lib/gcc/arm-linux-gnueabihf/12/collect2 -plugin /usr/lib/gcc/arm-linux-gnueabihf/12/liblto_plugin.so -plugin-opt=/usr/lib/gcc/arm-linux-gnueabihf/12/lto-wrapper -plugin-opt=-fresolution=/tmp/cceHuAur.res -plugin-opt=-pass-through=-lgcc_s -plugin-opt=-pass-through=-lgcc -plugin-opt=-pass-through=-lc -plugin-opt=-pass-through=-lgcc_s -plugin-opt=-pass-through=-lgcc --build-id --eh-frame-hdr -dynamic-linker /lib/ld-linux-armhf.so.3 -X --hash-style=gnu --as-needed -m armelf_linux_eabi -o cmTC_61de2 /usr/lib/gcc/arm-linux-gnueabihf/12/../../../arm-linux-gnueabihf/crt1.o /usr/lib/gcc/arm-linux-gnueabihf/12/../../../arm-linux-gnueabihf/crti.o /usr/lib/gcc/arm-linux-gnueabihf/12/crtbegin.o -L/usr/lib/gcc/arm-linux-gnueabihf/12 -L/usr/lib/gcc/arm-linux-gnueabihf/12/../../../arm-linux-gnueabihf -L/usr/lib/gcc/arm-linux-gnueabihf/12/../../.. -L/lib/arm-linux-gnueabihf -L/usr/lib/arm-linux-gnueabihf CMakeFiles/cmTC_61de2.dir/CMakeCXXCompilerABI.cpp.o -lstdc++ -lm -lgcc_s -lgcc -lc -lgcc_s -lgcc /usr/lib/gcc/arm-linux-gnueabihf/12/crtend.o /usr/lib/gcc/arm-linux-gnueabihf/12/../../../arm-linux-gnueabihf/crtn.o
COLLECT_GCC_OPTIONS='-v' '-o' 'cmTC_61de2' '-shared-libgcc'  '-mfloat-abi=hard' '-mtls-dialect=gnu' '-marm' '-mlibarch=armv6+fp' '-march=armv6+fp' '-dumpdir' 'cmTC_61de2.'
gmake[1]: Leaving directory '/home/pi/c_dms/lib/libiec61850/buildc/CMakeFiles/CMakeScratch/TryCompile-LMLkkU'



Parsed CXX implicit include dir info from above output: rv=done
  found start of include info
  found start of implicit include info
    add: [/usr/include/c++/12]
    add: [/usr/include/arm-linux-gnueabihf/c++/12]
    add: [/usr/include/c++/12/backward]
    add: [/usr/lib/gcc/arm-linux-gnueabihf/12/include]
    add: [/usr/local/include]
    add: [/usr/include/arm-linux-gnueabihf]
    add: [/usr/include]
  end of search list found
  collapse include dir [/usr/include/c++/12] ==> [/usr/include/c++/12]
  collapse include dir [/usr/include/arm-linux-gnueabihf/c++/12] ==> [/usr/include/arm-linux-gnueabihf/c++/12]
  collapse include dir [/usr/include/c++/12/backward] ==> [/usr/include/c++/12/backward]
  collapse include dir [/usr/lib/gcc/arm-linux-gnueabihf/12/include] ==> [/usr/lib/gcc/arm-linux-gnueabihf/12/include]
  collapse include dir [/usr/local/include] ==> [/usr/local/include]
  collapse include dir [/usr/include/arm-linux-gnueabihf] ==> [/usr/include/arm-linux-gnueabihf]
  collapse include dir [/usr/include] ==> [/usr/include]
  implicit include dirs: [/usr/include/c++/12;/usr/include/arm-linux-gnueabihf/c++/12;/usr/include/c++/12/backward;/usr/lib/gcc/arm-linux-gnueabihf/12/include;/usr/local/include;/usr/include/arm-linux-gnueabihf;/usr/include]


Parsed CXX implicit link information from above output:
  link line regex: [^( *|.*[/\])(ld|CMAKE_LINK_STARTFILE-NOTFOUND|([^/\]+-)?ld|collect2)[^/\]*( |$)]
  ignore line: [Change Dir: /home/pi/c_dms/lib/libiec61850/buildc/CMakeFiles/CMakeScratch/TryCompile-LMLkkU]
  ignore line: []
  ignore line: [Run Build Command(s):/usr/bin/gmake -f Makefile cmTC_61de2/fast && /usr/bin/gmake  -f CMakeFiles/cmTC_61de2.dir/build.make CMakeFiles/cmTC_61de2.dir/build]
  ignore line: [gmake[1]: Entering directory '/home/pi/c_dms/lib/libiec61850/buildc/CMakeFiles/CMakeScratch/TryCompile-LMLkkU']
  ignore line: [Building CXX object CMakeFiles/cmTC_61de2.dir/CMakeCXXCompilerABI.cpp.o]
  ignore line: [/usr/bin/c++   -v -o CMakeFiles/cmTC_61de2.dir/CMakeCXXCompilerABI.cpp.o -c /usr/share/cmake-3.25/Modules/CMakeCXXCompilerABI.cpp]
  ignore line: [Using built-in specs.]
  ignore line: [COLLECT_GCC=/usr/bin/c++]
  ignore line: [Target: arm-linux-gnueabihf]
  ignore line: [Configured with: ../src/configure -v --with-pkgversion='Raspbian 12.2.0-14+rpi1' --with-bugurl=file:///usr/share/doc/gcc-12/README.Bugs --enable-languages=c ada c++ go d fortran objc obj-c++ m2 --prefix=/usr --with-gcc-major-version-only --program-suffix=-12 --program-prefix=arm-linux-gnueabihf- --enable-shared --enable-linker-build-id --libexecdir=/usr/lib --without-included-gettext --enable-threads=posix --libdir=/usr/lib --enable-nls --enable-clocale=gnu --enable-libstdcxx-debug --enable-libstdcxx-time=yes --with-default-libstdcxx-abi=new --enable-gnu-unique-object --disable-libitm --disable-libquadmath --disable-libquadmath-support --enable-plugin --with-system-zlib --enable-libphobos-checking=release --with-target-system-zlib=auto --enable-objc-gc=auto --enable-multiarch --disable-sjlj-exceptions --with-arch=armv6+fp --with-float=hard --disable-werror --enable-checking=release --build=arm-linux-gnueabihf --host=arm-linux-gnueabihf --target=arm-linux-gnueabihf]
  ignore line: [Thread model: posix]
  ignore line: [Supported LTO compression algorithms: zlib zstd]
  ignore line: [gcc version 12.2.0 (Raspbian 12.2.0-14+rpi1) ]
  ignore line: [COLLECT_GCC_OPTIONS='-v' '-o' 'CMakeFiles/cmTC_61de2.dir/CMakeCXXCompilerABI.cpp.o' '-c' '-shared-libgcc'  '-mfloat-abi=hard' '-mtls-dialect=gnu' '-marm' '-mlibarch=armv6+fp' '-march=armv6+fp' '-dumpdir' 'CMakeFiles/cmTC_61de2.dir/']
  ignore line: [ /usr/lib/gcc/arm-linux-gnueabihf/12/cc1plus -quiet -v -imultilib . -imultiarch arm-linux-gnueabihf -D_GNU_SOURCE /usr/share/cmake-3.25/Modules/CMakeCXXCompilerABI.cpp -quiet -dumpdir CMakeFiles/cmTC_61de2.dir/ -dumpbase CMakeCXXCompilerABI.cpp.cpp -dumpbase-ext .cpp -mfloat-abi=hard -mtls-dialect=gnu -marm -mlibarch=armv6+fp -march=armv6+fp -version -o /tmp/ccfUXIja.s]
  ignore line: [GNU C++17 (Raspbian 12.2.0-14+rpi1) version 12.2.0 (arm-linux-gnueabihf)]
  ignore line: [	compiled by GNU C version 12.2.0  GMP version 6.2.1  MPFR version 4.1.1-p1  MPC version 1.3.1  isl version isl-0.25-GMP]
  ignore line: []
  ignore line: [warning: MPFR header version 4.1.1-p1 differs from library version 4.2.0.]
  ignore line: [GGC heuristics: --param ggc-min-expand=100 --param ggc-min-heapsize=131072]
  ignore line: [ignoring duplicate directory "/usr/include/arm-linux-gnueabihf/c++/12"]
  ignore line: [ignoring nonexistent directory "/usr/local/include/arm-linux-gnueabihf"]
  ignore line: [ignoring nonexistent directory "/usr/lib/gcc/arm-linux-gnueabihf/12/include-fixed"]
  ignore line: [ignoring nonexistent directory "/usr/lib/gcc/arm-linux-gnueabihf/12/../../../../arm-linux-gnueabihf/include"]
  ignore line: [#include "..." search starts here:]
  ignore line: [#include <...> search starts here:]
  ignore line: [ /usr/include/c++/12]
  ignore line: [ /usr/include/arm-linux-gnueabihf/c++/12]
  ignore line: [ /usr/include/c++/12/backward]
  ignore line: [ /usr/lib/gcc/arm-linux-gnueabihf/12/include]
  ignore line: [ /usr/local/include]
  ignore line: [ /usr/include/arm-linux-gnueabihf]
  ignore line: [ /usr/include]
  ignore line: [End of search list.]
  ignore line: [GNU C++17 (Raspbian 12.2.0-14+rpi1) version 12.2.0 (arm-linux-gnueabihf)]
  ignore line: [	compiled by GNU C version 12.2.0  GMP version 6.2.1  MPFR version 4.1.1-p1  MPC version 1.3.1  isl version isl-0.25-GMP]
  ignore line: []
  ignore line: [warning: MPFR header version 4.1.1-p1 differs from library version 4.2.0.]
  ignore line: [GGC heuristics: --param ggc-min-expand=100 --param ggc-min-heapsize=131072]
  ignore line: [Compiler executable checksum: 35b9a090b216240322859958bccd87d7]
  ignore line: [COLLECT_GCC_OPTIONS='-v' '-o' 'CMakeFiles/cmTC_61de2.dir/CMakeCXXCompilerABI.cpp.o' '-c' '-shared-libgcc'  '-mfloat-abi=hard' '-mtls-dialect=gnu' '-marm' '-mlibarch=armv6+fp' '-march=armv6+fp' '-dumpdir' 'CMakeFiles/cmTC_61de2.dir/']
  ignore line: [ as -v -march=armv6+fp -mfloat-abi=hard -meabi=5 -o CMakeFiles/cmTC_61de2.dir/CMakeCXXCompilerABI.cpp.o /tmp/ccfUXIja.s]
  ignore line: [GNU assembler version 2.40 (arm-linux-gnueabihf) using BFD version (GNU Binutils for Raspbian) 2.40]
  ignore line: [COMPILER_PATH=/usr/lib/gcc/arm-linux-gnueabihf/12/:/usr/lib/gcc/arm-linux-gnueabihf/12/:/usr/lib/gcc/arm-linux-gnueabihf/:/usr/lib/gcc/arm-linux-gnueabihf/12/:/usr/lib/gcc/arm-linux-gnueabihf/]
  ignore line: [LIBRARY_PATH=/usr/lib/gcc/arm-linux-gnueabihf/12/:/usr/lib/gcc/arm-linux-gnueabihf/12/../../../arm-linux-gnueabihf/:/usr/lib/gcc/arm-linux-gnueabihf/12/../../../:/lib/arm-linux-gnueabihf/:/lib/:/usr/lib/arm-linux-gnueabihf/:/usr/lib/]
  ignore line: [COLLECT_GCC_OPTIONS='-v' '-o' 'CMakeFiles/cmTC_61de2.dir/CMakeCXXCompilerABI.cpp.o' '-c' '-shared-libgcc'  '-mfloat-abi=hard' '-mtls-dialect=gnu' '-marm' '-mlibarch=armv6+fp' '-march=armv6+fp' '-dumpdir' 'CMakeFiles/cmTC_61de2.dir/CMakeCXXCompilerABI.cpp.']
  ignore line: [Linking CXX executable cmTC_61de2]
  ignore line: [/usr/bin/cmake -E cmake_link_script CMakeFiles/cmTC_61de2.dir/link.txt --verbose=1]
  ignore line: [/usr/bin/c++  -v CMakeFiles/cmTC_61de2.dir/CMakeCXXCompilerABI.cpp.o -o cmTC_61de2 ]
  ignore line: [Using built-in specs.]
  ignore line: [COLLECT_GCC=/usr/bin/c++]
  ignore line: [COLLECT_LTO_WRAPPER=/usr/lib/gcc/arm-linux-gnueabihf/12/lto-wrapper]
  ignore line: [Target: arm-linux-gnueabihf]
  ignore line: [Configured with: ../src/configure -v --with-pkgversion='Raspbian 12.2.0-14+rpi1' --with-bugurl=file:///usr/share/doc/gcc-12/README.Bugs --enable-languages=c ada c++ go d fortran objc obj-c++ m2 --prefix=/usr --with-gcc-major-version-only --program-suffix=-12 --program-prefix=arm-linux-gnueabihf- --enable-shared --enable-linker-build-id --libexecdir=/usr/lib --without-included-gettext --enable-threads=posix --libdir=/usr/lib --enable-nls --enable-clocale=gnu --enable-libstdcxx-debug --enable-libstdcxx-time=yes --with-default-libstdcxx-abi=new --enable-gnu-unique-object --disable-libitm --disable-libquadmath --disable-libquadmath-support --enable-plugin --with-system-zlib --enable-libphobos-checking=release --with-target-system-zlib=auto --enable-objc-gc=auto --enable-multiarch --disable-sjlj-exceptions --with-arch=armv6+fp --with-float=hard --disable-werror --enable-checking=release --build=arm-linux-gnueabihf --host=arm-linux-gnueabihf --target=arm-linux-gnueabihf]
  ignore line: [Thread model: posix]
  ignore line: [Supported LTO compression algorithms: zlib zstd]
  ignore line: [gcc version 12.2.0 (Raspbian 12.2.0-14+rpi1) ]
  ignore line: [COMPILER_PATH=/usr/lib/gcc/arm-linux-gnueabihf/12/:/usr/lib/gcc/arm-linux-gnueabihf/12/:/usr/lib/gcc/arm-linux-gnueabihf/:/usr/lib/gcc/arm-linux-gnueabihf/12/:/usr/lib/gcc/arm-linux-gnueabihf/]
  ignore line: [LIBRARY_PATH=/usr/lib/gcc/arm-linux-gnueabihf/12/:/usr/lib/gcc/arm-linux-gnueabihf/12/../../../arm-linux-gnueabihf/:/usr/lib/gcc/arm-linux-gnueabihf/12/../../../:/lib/arm-linux-gnueabihf/:/lib/:/usr/lib/arm-linux-gnueabihf/:/usr/lib/]
  ignore line: [COLLECT_GCC_OPTIONS='-v' '-o' 'cmTC_61de2' '-shared-libgcc'  '-mfloat-abi=hard' '-mtls-dialect=gnu' '-marm' '-mlibarch=armv6+fp' '-march=armv6+fp' '-dumpdir' 'cmTC_61de2.']
  link line: [ /usr/lib/gcc/arm-linux-gnueabihf/12/collect2 -plugin /usr/lib/gcc/arm-linux-gnueabihf/12/liblto_plugin.so -plugin-opt=/usr/lib/gcc/arm-linux-gnueabihf/12/lto-wrapper -plugin-opt=-fresolution=/tmp/cceHuAur.res -plugin-opt=-pass-through=-lgcc_s -plugin-opt=-pass-through=-lgcc -plugin-opt=-pass-through=-lc -plugin-opt=-pass-through=-lgcc_s -plugin-opt=-pass-through=-lgcc --build-id --eh-frame-hdr -dynamic-linker /lib/ld-linux-armhf.so.3 -X --hash-style=gnu --as-needed -m armelf_linux_eabi -o cmTC_61de2 /usr/lib/gcc/arm-linux-gnueabihf/12/../../../arm-linux-gnueabihf/crt1.o /usr/lib/gcc/arm-linux-gnueabihf/12/../../../arm-linux-gnueabihf/crti.o /usr/lib/gcc/arm-linux-gnueabihf/12/crtbegin.o -L/usr/lib/gcc/arm-linux-gnueabihf/12 -L/usr/lib/gcc/arm-linux-gnueabihf/12/../../../arm-linux-gnueabihf -L/usr/lib/gcc/arm-linux-gnueabihf/12/../../.. -L/lib/arm-linux-gnueabihf -L/usr/lib/arm-linux-gnueabihf CMakeFiles/cmTC_61de2.dir/CMakeCXXCompilerABI.cpp.o -lstdc++ -lm -lgcc_s -lgcc -lc -lgcc_s -lgcc /usr/lib/gcc/arm-linux-gnueabihf/12/crtend.o /usr/lib/gcc/arm-linux-gnueabihf/12/../../../arm-linux-gnueabihf/crtn.o]
    arg [/usr/lib/gcc/arm-linux-gnueabihf/12/collect2] ==> ignore
    arg [-plugin] ==> ignore
    arg [/usr/lib/gcc/arm-linux-gnueabihf/12/liblto_plugin.so] ==> ignore
    arg [-plugin-opt=/usr/lib/gcc/arm-linux-gnueabihf/12/lto-wrapper] ==> ignore
    arg [-plugin-opt=-fresolution=/tmp/cceHuAur.res] ==> ignore
    arg [-plugin-opt=-pass-through=-lgcc_s] ==> ignore
    arg [-plugin-opt=-pass-through=-lgcc] ==> ignore
    arg [-plugin-opt=-pass-through=-lc] ==> ignore
    arg [-plugin-opt=-pass-through=-lgcc_s] ==> ignore
    arg [-plugin-opt=-pass-through=-lgcc] ==> ignore
    arg [--build-id] ==> ignore
    arg [--eh-frame-hdr] ==> ignore
    arg [-dynamic-linker] ==> ignore
    arg [/lib/ld-linux-armhf.so.3] ==> ignore
    arg [-X] ==> ignore
    arg [--hash-style=gnu] ==> ignore
    arg [--as-needed] ==> ignore
    arg [-m] ==> ignore
    arg [armelf_linux_eabi] ==> ignore
    arg [-o] ==> ignore
    arg [cmTC_61de2] ==> ignore
    arg [/usr/lib/gcc/arm-linux-gnueabihf/12/../../../arm-linux-gnueabihf/crt1.o] ==> obj [/usr/lib/gcc/arm-linux-gnueabihf/12/../../../arm-linux-gnueabihf/crt1.o]
    arg [/usr/lib/gcc/arm-linux-gnueabihf/12/../../../arm-linux-gnueabihf/crti.o] ==> obj [/usr/lib/gcc/arm-linux-gnueabihf/12/../../../arm-linux-gnueabihf/crti.o]
    arg [/usr/lib/gcc/arm-linux-gnueabihf/12/crtbegin.o] ==> obj [/usr/lib/gcc/arm-linux-gnueabihf/12/crtbegin.o]
    arg [-L/usr/lib/gcc/arm-linux-gnueabihf/12] ==> dir [/usr/lib/gcc/arm-linux-gnueabihf/12]
    arg [-L/usr/lib/gcc/arm-linux-gnueabihf/12/../../../arm-linux-gnueabihf] ==> dir [/usr/lib/gcc/arm-linux-gnueabihf/12/../../../arm-linux-gnueabihf]
    arg [-L/usr/lib/gcc/arm-linux-gnueabihf/12/../../..] ==> dir [/usr/lib/gcc/arm-linux-gnueabihf/12/../../..]
    arg [-L/lib/arm-linux-gnueabihf] ==> dir [/lib/arm-linux-gnueabihf]
    arg [-L/usr/lib/arm-linux-gnueabihf] ==> dir [/usr/lib/arm-linux-gnueabihf]
    arg [CMakeFiles/cmTC_61de2.dir/CMakeCXXCompilerABI.cpp.o] ==> ignore
    arg [-lstdc++] ==> lib [stdc++]
    arg [-lm] ==> lib [m]
    arg [-lgcc_s] ==> lib [gcc_s]
    arg [-lgcc] ==> lib [gcc]
    arg [-lc] ==> lib [c]
    arg [-lgcc_s] ==> lib [gcc_s]
    arg [-lgcc] ==> lib [gcc]
    arg [/usr/lib/gcc/arm-linux-gnueabihf/12/crtend.o] ==> obj [/usr/lib/gcc/arm-linux-gnueabihf/12/crtend.o]
    arg [/usr/lib/gcc/arm-linux-gnueabihf/12/../../../arm-linux-gnueabihf/crtn.o] ==> obj [/usr/lib/gcc/arm-linux-gnueabihf/12/../../../arm-linux-gnueabihf/crtn.o]
  collapse obj [/usr/lib/gcc/arm-linux-gnueabihf/12/../../../arm-linux-gnueabihf/crt1.o] ==> [/usr/lib/arm-linux-gnueabihf/crt1.o]
  collapse obj [/usr/lib/gcc/arm-linux-gnueabihf/12/../../../arm-linux-gnueabihf/crti.o] ==> [/usr/lib/arm-linux-gnueabihf/crti.o]
  collapse obj [/usr/lib/gcc/arm-linux-gnueabihf/12/../../../arm-linux-gnueabihf/crtn.o] ==> [/usr/lib/arm-linux-gnueabihf/crtn.o]
  collapse library dir [/usr/lib/gcc/arm-linux-gnueabihf/12] ==> [/usr/lib/gcc/arm-linux-gnueabihf/12]
  collapse library dir [/usr/lib/gcc/arm-linux-gnueabihf/12/../../../arm-linux-gnueabihf] ==> [/usr/lib/arm-linux-gnueabihf]
  collapse library dir [/usr/lib/gcc/arm-linux-gnueabihf/12/../../..] ==> [/usr/lib]
  collapse library dir [/lib/arm-linux-gnueabihf] ==> [/lib/arm-linux-gnueabihf]
  collapse library dir [/usr/lib/arm-linux-gnueabihf] ==> [/usr/lib/arm-linux-gnueabihf]
  implicit libs: [stdc++;m;gcc_s;gcc;c;gcc_s;gcc]
  implicit objs: [/usr/lib/arm-linux-gnueabihf/crt1.o;/usr/lib/arm-linux-gnueabihf/crti.o;/usr/lib/gcc/arm-linux-gnueabihf/12/crtbegin.o;/usr/lib/gcc/arm-linux-gnueabihf/12/crtend.o;/usr/lib/arm-linux-gnueabihf/crtn.o]
  implicit dirs: [/usr/lib/gcc/arm-linux-gnueabihf/12;/usr/lib/arm-linux-gnueabihf;/usr/lib;/lib/arm-linux-gnueabihf]
  implicit fwks: []


Determining if the function clock_gettime exists in the rt passed with the following output:
Change Dir: /home/pi/c_dms/lib/libiec61850/buildc/CMakeFiles/CMakeScratch/TryCompile-4CgsCs

Run Build Command(s):/usr/bin/gmake -f Makefile cmTC_bd065/fast && /usr/bin/gmake  -f CMakeFiles/cmTC_bd065.dir/build.make CMakeFiles/cmTC_bd065.dir/build
gmake[1]: Memasuki direktori '/home/pi/c_dms/lib/libiec61850/buildc/CMakeFiles/CMakeScratch/TryCompile-4CgsCs'
Building C object CMakeFiles/cmTC_bd065.dir/CheckFunctionExists.c.o
/usr/bin/cc   -DCHECK_FUNCTION_EXISTS=clock_gettime -o CMakeFiles/cmTC_bd065.dir/CheckFunctionExists.c.o -c /home/pi/c_dms/lib/libiec61850/buildc/CMakeFiles/CMakeScratch/TryCompile-4CgsCs/CheckFunctionExists.c
Linking C executable cmTC_bd065
/usr/bin/cmake -E cmake_link_script CMakeFiles/cmTC_bd065.dir/link.txt --verbose=1
/usr/bin/cc  -DCHECK_FUNCTION_EXISTS=clock_gettime CMakeFiles/cmTC_bd065.dir/CheckFunctionExists.c.o -o cmTC_bd065   -L/home/pi/c_dms/lib/libiec61850/buildc/CMakeFiles/CMakeScratch/TryCompile-4CgsCs/time.h  -Wl,-rpath,/home/pi/c_dms/lib/libiec61850/buildc/CMakeFiles/CMakeScratch/TryCompile-4CgsCs/time.h -lrt 
gmake[1]: Meninggalkan direktori '/home/pi/c_dms/lib/libiec61850/buildc/CMakeFiles/CMakeScratch/TryCompile-4CgsCs'



Performing C SOURCE FILE Test SUPPORT_REDUNDANT_DECLS succeeded with the following output:
Change Dir: /home/pi/c_dms/lib/libiec61850/buildc/CMakeFiles/CMakeScratch/TryCompile-G0GGBE

Run Build Command(s):/usr/bin/gmake -f Makefile cmTC_568ec/fast && /usr/bin/gmake  -f CMakeFiles/cmTC_568ec.dir/build.make CMakeFiles/cmTC_568ec.dir/build
gmake[1]: Entering directory '/home/pi/c_dms/lib/libiec61850/buildc/CMakeFiles/CMakeScratch/TryCompile-G0GGBE'
Building C object CMakeFiles/cmTC_568ec.dir/src.c.o
/usr/bin/cc -DSUPPORT_REDUNDANT_DECLS  -Wredundant-decls -o CMakeFiles/cmTC_568ec.dir/src.c.o -c /home/pi/c_dms/lib/libiec61850/buildc/CMakeFiles/CMakeScratch/TryCompile-G0GGBE/src.c
Linking C executable cmTC_568ec
/usr/bin/cmake -E cmake_link_script CMakeFiles/cmTC_568ec.dir/link.txt --verbose=1
/usr/bin/cc CMakeFiles/cmTC_568ec.dir/src.c.o -o cmTC_568ec 
gmake[1]: Leaving directory '/home/pi/c_dms/lib/libiec61850/buildc/CMakeFiles/CMakeScratch/TryCompile-G0GGBE'


Source file was:
int main(void) { return 0; }

Performing C SOURCE FILE Test SUPPORT_UNDEF succeeded with the following output:
Change Dir: /home/pi/c_dms/lib/libiec61850/buildc/CMakeFiles/CMakeScratch/TryCompile-wNu8sT

Run Build Command(s):/usr/bin/gmake -f Makefile cmTC_8f80f/fast && /usr/bin/gmake  -f CMakeFiles/cmTC_8f80f.dir/build.make CMakeFiles/cmTC_8f80f.dir/build
gmake[1]: Entering directory '/home/pi/c_dms/lib/libiec61850/buildc/CMakeFiles/CMakeScratch/TryCompile-wNu8sT'
Building C object CMakeFiles/cmTC_8f80f.dir/src.c.o
/usr/bin/cc -DSUPPORT_UNDEF  -Wredundant-decls    -Wundef -o CMakeFiles/cmTC_8f80f.dir/src.c.o -c /home/pi/c_dms/lib/libiec61850/buildc/CMakeFiles/CMakeScratch/TryCompile-wNu8sT/src.c
Linking C executable cmTC_8f80f
/usr/bin/cmake -E cmake_link_script CMakeFiles/cmTC_8f80f.dir/link.txt --verbose=1
/usr/bin/cc  -Wredundant-decls  CMakeFiles/cmTC_8f80f.dir/src.c.o -o cmTC_8f80f 
gmake[1]: Leaving directory '/home/pi/c_dms/lib/libiec61850/buildc/CMakeFiles/CMakeScratch/TryCompile-wNu8sT'


Source file was:
int main(void) { return 0; }

Performing C++ SOURCE FILE Test COMPILER_HAS_HIDDEN_VISIBILITY succeeded with the following output:
Change Dir: /home/pi/c_dms/lib/libiec61850/buildc/CMakeFiles/CMakeScratch/TryCompile-25Ok98

Run Build Command(s):/usr/bin/gmake -f Makefile cmTC_51a71/fast && /usr/bin/gmake  -f CMakeFiles/cmTC_51a71.dir/build.make CMakeFiles/cmTC_51a71.dir/build
gmake[1]: Entering directory '/home/pi/c_dms/lib/libiec61850/buildc/CMakeFiles/CMakeScratch/TryCompile-25Ok98'
Building CXX object CMakeFiles/cmTC_51a71.dir/src.cxx.o
/usr/bin/c++ -DCOMPILER_HAS_HIDDEN_VISIBILITY  -fvisibility=hidden -o CMakeFiles/cmTC_51a71.dir/src.cxx.o -c /home/pi/c_dms/lib/libiec61850/buildc/CMakeFiles/CMakeScratch/TryCompile-25Ok98/src.cxx
Linking CXX executable cmTC_51a71
/usr/bin/cmake -E cmake_link_script CMakeFiles/cmTC_51a71.dir/link.txt --verbose=1
/usr/bin/c++ CMakeFiles/cmTC_51a71.dir/src.cxx.o -o cmTC_51a71 
gmake[1]: Leaving directory '/home/pi/c_dms/lib/libiec61850/buildc/CMakeFiles/CMakeScratch/TryCompile-25Ok98'


Source file was:
int main() { return 0; }

Performing C++ SOURCE FILE Test COMPILER_HAS_HIDDEN_INLINE_VISIBILITY succeeded with the following output:
Change Dir: /home/pi/c_dms/lib/libiec61850/buildc/CMakeFiles/CMakeScratch/TryCompile-elQifu

Run Build Command(s):/usr/bin/gmake -f Makefile cmTC_3126b/fast && /usr/bin/gmake  -f CMakeFiles/cmTC_3126b.dir/build.make CMakeFiles/cmTC_3126b.dir/build
gmake[1]: Entering directory '/home/pi/c_dms/lib/libiec61850/buildc/CMakeFiles/CMakeScratch/TryCompile-elQifu'
Building CXX object CMakeFiles/cmTC_3126b.dir/src.cxx.o
/usr/bin/c++ -DCOMPILER_HAS_HIDDEN_INLINE_VISIBILITY  -fvisibility-inlines-hidden -o CMakeFiles/cmTC_3126b.dir/src.cxx.o -c /home/pi/c_dms/lib/libiec61850/buildc/CMakeFiles/CMakeScratch/TryCompile-elQifu/src.cxx
Linking CXX executable cmTC_3126b
/usr/bin/cmake -E cmake_link_script CMakeFiles/cmTC_3126b.dir/link.txt --verbose=1
/usr/bin/c++ CMakeFiles/cmTC_3126b.dir/src.cxx.o -o cmTC_3126b 
gmake[1]: Leaving directory '/home/pi/c_dms/lib/libiec61850/buildc/CMakeFiles/CMakeScratch/TryCompile-elQifu'


Source file was:
int main() { return 0; }

Performing C++ SOURCE FILE Test COMPILER_HAS_DEPRECATED_ATTR succeeded with the following output:
Change Dir: /home/pi/c_dms/lib/libiec61850/buildc/CMakeFiles/CMakeScratch/TryCompile-JQZ2NQ

Run Build Command(s):/usr/bin/gmake -f Makefile cmTC_d9c37/fast && /usr/bin/gmake  -f CMakeFiles/cmTC_d9c37.dir/build.make CMakeFiles/cmTC_d9c37.dir/build
gmake[1]: Memasuki direktori '/home/pi/c_dms/lib/libiec61850/buildc/CMakeFiles/CMakeScratch/TryCompile-JQZ2NQ'
Building CXX object CMakeFiles/cmTC_d9c37.dir/src.cxx.o
/usr/bin/c++ -DCOMPILER_HAS_DEPRECATED_ATTR   -o CMakeFiles/cmTC_d9c37.dir/src.cxx.o -c /home/pi/c_dms/lib/libiec61850/buildc/CMakeFiles/CMakeScratch/TryCompile-JQZ2NQ/src.cxx
/home/pi/c_dms/lib/libiec61850/buildc/CMakeFiles/CMakeScratch/TryCompile-JQZ2NQ/src.cxx: In function int main():
/home/pi/c_dms/lib/libiec61850/buildc/CMakeFiles/CMakeScratch/TryCompile-JQZ2NQ/src.cxx:2:33: warning: int somefunc() is deprecated [-Wdeprecated-declarations]
    2 |     int main() { return somefunc();}
      |                         ~~~~~~~~^~
/home/pi/c_dms/lib/libiec61850/buildc/CMakeFiles/CMakeScratch/TryCompile-JQZ2NQ/src.cxx:1:37: note: declared here
    1 | __attribute__((__deprecated__)) int somefunc() { return 0; }
      |                                     ^~~~~~~~
Linking CXX executable cmTC_d9c37
/usr/bin/cmake -E cmake_link_script CMakeFiles/cmTC_d9c37.dir/link.txt --verbose=1
/usr/bin/c++ CMakeFiles/cmTC_d9c37.dir/src.cxx.o -o cmTC_d9c37 
gmake[1]: Meninggalkan direktori '/home/pi/c_dms/lib/libiec61850/buildc/CMakeFiles/CMakeScratch/TryCompile-JQZ2NQ'


Source file was:
__attribute__((__deprecated__)) int somefunc() { return 0; }
    int main() { return somefunc();}

